<?xml version="1.0" encoding="UTF-8"?>
<!-- Generated by org.testng.reporters.JUnitReportReporter -->
<testsuite skipped="0" hostname="chirag" name="com.solar.com.solar.TestSuite" tests="1" failures="0" timestamp="25 Jun 2019 13:37:33 GMT" time="24.447" errors="0">
  <testcase name="toVerifyResiRemoJourney" time="24.447" classname="com.solar.com.solar.TestSuite"/>
</testsuite> <!-- com.solar.com.solar.TestSuite -->
